0 verbose cli /usr/local/bin/node /usr/local/bin/npm
1 info using npm@8.11.0
2 info using node@v16.16.0
3 timing npm:load:whichnode Completed in 1ms
4 timing config:load:defaults Completed in 1ms
5 timing config:load:file:/usr/local/lib/node_modules/npm/npmrc Completed in 0ms
6 timing config:load:builtin Completed in 1ms
7 timing config:load:cli Completed in 1ms
8 timing config:load:env Completed in 0ms
9 timing config:load:file:/Users/apple/Desktop/learning/learn-rush/packages/components/.npmrc Completed in 0ms
10 timing config:load:project Completed in 2ms
11 timing config:load:file:/Users/apple/Desktop/learning/learn-rush/common/temp/publish-home/.npmrc Completed in 1ms
12 timing config:load:user Completed in 1ms
13 timing config:load:file:/usr/local/etc/npmrc Completed in 0ms
14 timing config:load:global Completed in 0ms
15 timing config:load:validate Completed in 1ms
16 timing config:load:credentials Completed in 0ms
17 timing config:load:setEnvs Completed in 0ms
18 timing config:load Completed in 7ms
19 timing npm:load:configload Completed in 7ms
20 timing npm:load:mkdirpcache Completed in 1ms
21 timing npm:load:mkdirplogs Completed in 0ms
22 verbose title npm publish
23 verbose argv "publish" "--ignore-scripts" "--no-git-checks"
24 timing npm:load:setTitle Completed in 5ms
25 timing config:load:flatten Completed in 1ms
26 timing npm:load:display Completed in 2ms
27 verbose logfile logs-max:10 dir:/Users/apple/Desktop/learning/learn-rush/common/temp/publish-home/.npm/_logs
28 verbose logfile /Users/apple/Desktop/learning/learn-rush/common/temp/publish-home/.npm/_logs/2022-09-08T16_26_55_711Z-debug-0.log
29 timing npm:load:logFile Completed in 2ms
30 timing npm:load:timers Completed in 0ms
31 timing npm:load:configScope Completed in 0ms
32 timing npm:load Completed in 18ms
33 verbose publish [ '.' ]
34 silly logfile done cleaning log files
35 notice
36 notice 📦  @laney/components@1.0.1
37 notice === Tarball Contents ===
38 notice 729B .rush/temp/shrinkwrap-deps.json
38 notice 339B CHANGELOG.json                 
38 notice 192B CHANGELOG.md                   
38 notice 87B  index.ts                       
38 notice 317B package.json                   
39 notice === Tarball Details ===
40 notice name:          @laney/components                       
40 notice version:       1.0.1                                   
40 notice filename:      @laney/components-1.0.1.tgz             
40 notice package size:  1.2 kB                                  
40 notice unpacked size: 1.7 kB                                  
40 notice shasum:        eb38fba41a01bbf9ca479d3d920e34e5a8f419c9
40 notice integrity:     sha512-S6zQcZYLe+MQn[...]8EsZF01Rmj9Zw==
40 notice total files:   5                                       
41 notice
42 notice Publishing to http://localhost:4873/
43 http fetch PUT 201 http://localhost:4873/@laney%2fcomponents 136ms
44 timing command:publish Completed in 169ms
45 verbose exit 0
46 timing npm Completed in 190ms
47 info ok
