0 verbose cli /usr/local/bin/node /usr/local/bin/npm
1 info using npm@8.11.0
2 info using node@v16.16.0
3 timing npm:load:whichnode Completed in 0ms
4 timing config:load:defaults Completed in 1ms
5 timing config:load:file:/usr/local/lib/node_modules/npm/npmrc Completed in 1ms
6 timing config:load:builtin Completed in 1ms
7 timing config:load:cli Completed in 0ms
8 timing config:load:env Completed in 0ms
9 timing config:load:file:/private/var/folders/qv/4y3_jfb5291gcbxzm6t3_btw0000gn/T/7db0a44ebd6bbc1a092c5b8e1e0e808c/.npmrc Completed in 0ms
10 timing config:load:project Completed in 2ms
11 timing config:load:file:/Users/apple/Desktop/learning/learn-rush/common/temp/publish-home/.npmrc Completed in 2ms
12 timing config:load:user Completed in 2ms
13 timing config:load:file:/usr/local/etc/npmrc Completed in 0ms
14 timing config:load:global Completed in 0ms
15 timing config:load:validate Completed in 1ms
16 timing config:load:credentials Completed in 0ms
17 timing config:load:setEnvs Completed in 1ms
18 timing config:load Completed in 9ms
19 timing npm:load:configload Completed in 9ms
20 timing npm:load:mkdirpcache Completed in 0ms
21 timing npm:load:mkdirplogs Completed in 0ms
22 verbose title npm publish laney-components-1.2.0.tgz
23 verbose argv "publish" "--ignore-scripts" "laney-components-1.2.0.tgz" "--no-git-checks"
24 timing npm:load:setTitle Completed in 6ms
25 timing config:load:flatten Completed in 1ms
26 timing npm:load:display Completed in 1ms
27 verbose logfile logs-max:10 dir:/Users/apple/Desktop/learning/learn-rush/common/temp/publish-home/.npm/_logs
28 verbose logfile /Users/apple/Desktop/learning/learn-rush/common/temp/publish-home/.npm/_logs/2022-09-10T12_51_10_505Z-debug-0.log
29 timing npm:load:logFile Completed in 3ms
30 timing npm:load:timers Completed in 0ms
31 timing npm:load:configScope Completed in 0ms
32 timing npm:load Completed in 19ms
33 verbose publish [ 'laney-components-1.2.0.tgz' ]
34 silly logfile done cleaning log files
35 notice
36 notice 📦  @laney/components@1.2.0
37 notice === Tarball Contents ===
38 notice 5.6kB .rush/temp/shrinkwrap-deps.json
38 notice 1.4kB CHANGELOG.json                 
38 notice 480B  CHANGELOG.md                   
38 notice 2.5kB components.build.error.log     
38 notice 2.5kB components.build.log           
38 notice 360B  dist/index.js                  
38 notice 692B  package.json                   
38 notice 367B  rollup.config.js               
38 notice 386B  scripts/gen-entry.js           
38 notice 158B  src/Button/button.tsx          
38 notice 163B  src/Loading/Loading.tsx        
39 notice === Tarball Details ===
40 notice name:          @laney/components                       
40 notice version:       1.2.0                                   
40 notice filename:      @laney/components-1.2.0.tgz             
40 notice package size:  6.0 kB                                  
40 notice unpacked size: 14.5 kB                                 
40 notice shasum:        91b3668435bf46a077b3c93ed70ea67264cda51a
40 notice integrity:     sha512-wjkXEYa1MJyd4[...]OEDsfl3OK05fQ==
40 notice total files:   11                                      
41 notice
42 notice Publishing to http://localhost:4873/
43 http fetch PUT 201 http://localhost:4873/@laney%2fcomponents 107ms
44 timing command:publish Completed in 157ms
45 verbose exit 0
46 timing npm Completed in 185ms
47 info ok
