0 verbose cli /usr/local/bin/node /usr/local/bin/npm
1 info using npm@8.11.0
2 info using node@v16.16.0
3 timing npm:load:whichnode Completed in 0ms
4 timing config:load:defaults Completed in 2ms
5 timing config:load:file:/usr/local/lib/node_modules/npm/npmrc Completed in 0ms
6 timing config:load:builtin Completed in 0ms
7 timing config:load:cli Completed in 1ms
8 timing config:load:env Completed in 0ms
9 timing config:load:file:/Users/apple/Desktop/learning/learn-rush/packages/components/.npmrc Completed in 1ms
10 timing config:load:project Completed in 3ms
11 timing config:load:file:/Users/apple/Desktop/learning/learn-rush/common/temp/publish-home/.npmrc Completed in 2ms
12 timing config:load:user Completed in 2ms
13 timing config:load:file:/usr/local/etc/npmrc Completed in 0ms
14 timing config:load:global Completed in 0ms
15 timing config:load:validate Completed in 0ms
16 timing config:load:credentials Completed in 1ms
17 timing config:load:setEnvs Completed in 0ms
18 timing config:load Completed in 9ms
19 timing npm:load:configload Completed in 9ms
20 timing npm:load:mkdirpcache Completed in 1ms
21 timing npm:load:mkdirplogs Completed in 0ms
22 verbose title npm view @laney/components time
23 verbose argv "view" "@laney/components" "time" "--json"
24 timing npm:load:setTitle Completed in 6ms
25 timing config:load:flatten Completed in 1ms
26 timing npm:load:display Completed in 1ms
27 verbose logfile logs-max:10 dir:/Users/apple/Desktop/learning/learn-rush/common/temp/publish-home/.npm/_logs
28 verbose logfile /Users/apple/Desktop/learning/learn-rush/common/temp/publish-home/.npm/_logs/2022-09-08T16_26_54_577Z-debug-0.log
29 timing npm:load:logFile Completed in 2ms
30 timing npm:load:timers Completed in 0ms
31 timing npm:load:configScope Completed in 0ms
32 timing npm:load Completed in 20ms
33 silly logfile done cleaning log files
34 http fetch GET 404 http://localhost:4873/@laney%2fcomponents 790ms (cache skip)
35 timing command:view Completed in 792ms
36 verbose stack HttpErrorGeneral: 404 Not Found - GET http://localhost:4873/@laney%2fcomponents - no such package available
36 verbose stack     at /usr/local/lib/node_modules/npm/node_modules/npm-registry-fetch/lib/check-response.js:93:15
36 verbose stack     at processTicksAndRejections (node:internal/process/task_queues:96:5)
36 verbose stack     at async RegistryFetcher.packument (/usr/local/lib/node_modules/npm/node_modules/pacote/lib/registry.js:92:19)
36 verbose stack     at async View.getData (/usr/local/lib/node_modules/npm/lib/commands/view.js:203:20)
36 verbose stack     at async View.exec (/usr/local/lib/node_modules/npm/lib/commands/view.js:111:28)
36 verbose stack     at async module.exports (/usr/local/lib/node_modules/npm/lib/cli.js:78:5)
37 verbose statusCode 404
38 verbose pkgid @laney/components@latest
39 verbose cwd /Users/apple/Desktop/learning/learn-rush/packages/components
40 verbose Darwin 21.4.0
41 verbose node v16.16.0
42 verbose npm  v8.11.0
43 error code E404
44 error 404 Not Found - GET http://localhost:4873/@laney%2fcomponents - no such package available
45 error 404
46 error 404  '@laney/components@latest' is not in this registry.
47 error 404
47 error 404 Note that you can also install from a
48 error 404 tarball, folder, http url, or git url.
49 verbose exit 1
50 timing npm Completed in 818ms
51 verbose code 1
52 error A complete log of this run can be found in:
52 error     /Users/apple/Desktop/learning/learn-rush/common/temp/publish-home/.npm/_logs/2022-09-08T16_26_54_577Z-debug-0.log
