
./index.ts → ./dist/index.js...
(!) Plugin typescript: @rollup/plugin-typescript TS6142: Module './src/Button/button' was resolved to '/Users/apple/Desktop/learning/learn-rush/packages/components/src/Button/button.tsx', but '--jsx' is not set.
index.ts: (1:34)

1 export { default as Button} from "./src/Button/button";
                                   ~~~~~~~~~~~~~~~~~~~~~

(!) Plugin typescript: @rollup/plugin-typescript TS6142: Module './src/Loading/loading' was resolved to '/Users/apple/Desktop/learning/learn-rush/packages/components/src/Loading/loading.tsx', but '--jsx' is not set.
index.ts: (2:35)

2 export { default as Loading} from "./src/Loading/loading";
                                    ~~~~~~~~~~~~~~~~~~~~~~~

(!) Plugin typescript: @rollup/plugin-typescript TS1259: Module '"/Users/apple/Desktop/learning/learn-rush/common/temp/node_modules/.pnpm/@types+react@18.0.18/node_modules/@types/react/index"' can only be default-imported using the 'allowSyntheticDefaultImports' flag
src/Button/button.tsx: (1:8)

1 import React from 'react';
         ~~~~~

  ../../common/temp/node_modules/.pnpm/@types+react@18.0.18/node_modules/@types/react/index.d.ts:62:1
    62 export = React;
       ~~~~~~~~~~~~~~~
    This module is declared with 'export =', and can only be used with a default import when using the 'allowSyntheticDefaultImports' flag.

src/Loading/Loading.tsx: (1:8)

1 import React from 'react';
         ~~~~~

  ../../common/temp/node_modules/.pnpm/@types+react@18.0.18/node_modules/@types/react/index.d.ts:62:1
    62 export = React;
       ~~~~~~~~~~~~~~~
    This module is declared with 'export =', and can only be used with a default import when using the 'allowSyntheticDefaultImports' flag.

(!) Plugin typescript: @rollup/plugin-typescript TS17004: Cannot use JSX unless the '--jsx' flag is provided.
src/Button/button.tsx: (4:9)

4         <div className="button">
          ~~~~~~~~~~~~~~~~~~~~~~~~

src/Loading/Loading.tsx: (4:9)

4         <div className="loading">
          ~~~~~~~~~~~~~~~~~~~~~~~~~

(!) Unresolved dependencies
https://rollupjs.org/guide/en/#warning-treating-module-as-external-dependency
react/jsx-runtime (imported by src/Button/button.tsx, src/Loading/loading.tsx)
react (imported by src/Button/button.tsx, src/Loading/loading.tsx)
(!) Unused external imports
default imported from external module "react" but never used in "src/Button/button.tsx" and "src/Loading/loading.tsx"
created ./dist/index.js in 450ms
